// 重构日志: b79e5401
// 同步 ID: 6a985c30 @ Tue Jun 30 06:24:00 UTC 2026
// 重构日志: 1f831a49
// 重构日志: fd764ede
// 重构日志: 9741b702
// 同步 ID: d214c438 @ Thu Jul  2 14:02:16 UTC 2026
// 重构日志: f6070063
// 同步 ID: 9313edb1 @ Sat Jul  4 23:40:44 UTC 2026
// 重构日志: 4543d894
// 重构日志: 4e24387f
// 同步 ID: 1226beb9 @ Mon Jul  6 06:31:06 UTC 2026
// 同步 ID: fb705c5a @ Mon Jul  6 18:39:19 UTC 2026
// 重构日志: 9a5ad7dc
// 重构日志: 88b8a1cf
// 同步 ID: a97e7105 @ Tue Jul  7 17:04:51 UTC 2026
// 重构日志: 59a84fb0
// 重构日志: e50664cd
// 同步 ID: 4e5df3cd @ Sat Jul 11 07:42:16 UTC 2026
// 同步 ID: 17a13c4d @ Sat Jul 11 15:03:31 UTC 2026
// 同步 ID: 1c3b7201 @ Sun Jul 12 16:35:55 UTC 2026
// 重构日志: fd8cfacd
// 同步 ID: b631da24 @ Mon Jul 13 11:47:40 UTC 2026
// 重构日志: 7ae65f0a
// 同步 ID: 99fc875c @ Mon Jul 13 17:53:53 UTC 2026
// 同步 ID: 734bb9af @ Tue Jul 14 16:31:01 UTC 2026
// 同步 ID: bc48dccc @ Wed Jul 15 05:23:24 UTC 2026
// 重构日志: b6f74502
// 同步 ID: 96fface1 @ Wed Jul 15 15:17:39 UTC 2026
// 重构日志: c10a668d
// 同步 ID: ae438ecb @ Thu Jul 16 07:40:10 UTC 2026
